<?xml version="1.0" encoding="UTF-8"?>
<!-- Generated by org.testng.reporters.JUnitXMLReporter -->
<testsuite ignored="0" hostname="MacBook-Pro.local" failures="0" tests="4" name="Default test" time="0.871" errors="0" timestamp="2023-09-24T15:42:27 PDT">
  <testcase classname="e2eTesting.DataProviderExcelSample" name="test" time="0.01"/>
  <testcase classname="e2eTesting.DataProviderExcelSample" name="test" time="0.002"/>
  <testcase classname="e2eTesting.DataProviderExcelSample" name="test" time="0.002"/>
  <testcase classname="e2eTesting.DataProviderExcelSample" name="test" time="0.001"/>
</testsuite> <!-- Default test -->
