<?xml version="1.0" encoding="UTF-8"?>
<!-- Generated by org.testng.reporters.JUnitXMLReporter -->
<testsuite ignored="0" hostname="MacBook-Pro.local" failures="1" tests="1" name="Test" time="17.475" errors="0" timestamp="2023-09-25T11:43:39 PDT">
  <testcase classname="e2eTesting.NegativeScenario" name="negativeTest" time="1.52">
    <failure type="java.lang.Error" message="Unresolved compilation problems: 
	Lambda expressions are allowed only at source level 1.8 or above
	Cannot refer to the non-final local variable product defined in an enclosing scope
">
      <![CDATA[java.lang.Error: Unresolved compilation problems: 
Lambda expressions are allowed only at source level 1.8 or above
Cannot refer to the non-final local variable product defined in an enclosing scope

at e2eTesting.PageObjects.ProductCatalogue.<init>(ProductCatalogue.java:41)
at e2eTesting.PageObjects.LandingPage.LoginToApplication(LandingPage.java:39)
at e2eTesting.NegativeScenario.negativeTest(NegativeScenario.java:13)
at java.base/java.util.ArrayList.forEach(ArrayList.java:1511)
... Removed 27 stack frames]]>
    </failure>
  </testcase> <!-- negativeTest -->
</testsuite> <!-- Test -->
